<?xml version="1.0" encoding="UTF-8"?>
<testng-results ignored="0" total="1" passed="1" failed="0" skipped="0">
  <reporter-output>
  </reporter-output>
  <suite started-at="2022-10-29T15:44:45 EEST" name="All Test Suite" finished-at="2022-10-29T15:45:07 EEST" duration-ms="21954">
    <groups>
    </groups>
    <test started-at="2022-10-29T15:44:45 EEST" name="D:/Learning_QA/Cursor/HW23_Lecture27_BDD_Gherkin_Cucumber" finished-at="2022-10-29T15:45:07 EEST" duration-ms="21954">
      <class name="ui.RozetkaTest">
        <test-method is-config="true" signature="setDriver()[pri:0, instance:ui.RozetkaTest@33a2499c]" started-at="2022-10-29T15:44:45 EEST" name="setDriver" finished-at="2022-10-29T15:44:48 EEST" duration-ms="3072" status="PASS">
          <reporter-output>
          </reporter-output>
        </test-method> <!-- setDriver -->
        <test-method signature="hpAddToBasketAndCheckPriceTest()[pri:0, instance:ui.RozetkaTest@33a2499c]" started-at="2022-10-29T15:44:48 EEST" name="hpAddToBasketAndCheckPriceTest" finished-at="2022-10-29T15:45:06 EEST" duration-ms="17935" status="PASS">
          <reporter-output>
          </reporter-output>
        </test-method> <!-- hpAddToBasketAndCheckPriceTest -->
        <test-method is-config="true" signature="quitDriver()[pri:0, instance:ui.RozetkaTest@33a2499c]" started-at="2022-10-29T15:45:06 EEST" name="quitDriver" finished-at="2022-10-29T15:45:07 EEST" duration-ms="880" status="PASS">
          <reporter-output>
          </reporter-output>
        </test-method> <!-- quitDriver -->
      </class> <!-- ui.RozetkaTest -->
    </test> <!-- D:/Learning_QA/Cursor/HW23_Lecture27_BDD_Gherkin_Cucumber -->
  </suite> <!-- All Test Suite -->
</testng-results>
