<?xml version="1.0" encoding="UTF-8"?>
<!-- Generated by org.testng.reporters.JUnitXMLReporter -->
<testsuite ignored="0" hostname="DESKTOP-FIKRCRL" failures="0" tests="3" name="HW25_Lecture29_Reporting_TestNG_AllureReport" time="24.195" errors="0" timestamp="2022-11-01T12:08:58 EET">
  <testcase classname="ui.RozetkaTest" name="comarizon" time="0.071"/>
  <testcase classname="ui.RozetkaTest" name="hpAddToBasketAndCheckPriceTest" time="18.075"/>
  <testcase classname="ui.RozetkaTest" name="rozetkaEqualsRoZeTka" time="0.006"/>
</testsuite> <!-- HW25_Lecture29_Reporting_TestNG_AllureReport -->
